current directory: /home/runner/work/R-refresh-fda/R-refresh-fda/.vendor/bundle/ruby/2.7.0/gems/http_parser.rb-0.8.0/ext/ruby_http_parser
/opt/hostedtoolcache/Ruby/2.7.8/x64/bin/ruby -I /opt/hostedtoolcache/Ruby/2.7.8/x64/lib/ruby/2.7.0 -r ./siteconf20230607-12964-1kp4cmb.rb extconf.rb
creating Makefile

current directory: /home/runner/work/R-refresh-fda/R-refresh-fda/.vendor/bundle/ruby/2.7.0/gems/http_parser.rb-0.8.0/ext/ruby_http_parser
make "DESTDIR=" clean
make[1]: Entering directory '/home/runner/work/R-refresh-fda/R-refresh-fda/.vendor/bundle/ruby/2.7.0/gems/http_parser.rb-0.8.0/ext/ruby_http_parser'
Makefile:176: warning: overriding recipe for target 'clean'
pŠ#ú~U:176: warning: ignoring old recipe for target 'clean'
Makefile:183: warning: overriding recipe for target 'distclean'
pŠ#ú~U:183: warning: ignoring old recipe for target 'distclean'
Makefile:191: warning: overriding recipe for target 'install-so'
pŠ#ú~U:191: warning: ignoring old recipe for target 'install-so'
Makefile:201: warning: overriding recipe for target 'pre-install-rb-default'
pŠ#ú~U:201: warning: ignoring old recipe for target 'pre-install-rb-default'
Makefile:203: warning: overriding recipe for target '.sitearchdir.time'
pŠ#ú~U:203: warning: ignoring old recipe for target '.sitearchdir.time'
Makefile:213: warning: overriding recipe for target '.cc.o'
pŠ#ú~U:213: warning: ignoring old recipe for target '.cc.o'
Makefile:217: warning: overriding recipe for target '.cc.S'
pŠ#ú~U:217: warning: ignoring old recipe for target '.cc.S'
Makefile:221: warning: overriding recipe for target '.mm.o'
pŠ#ú~U:221: warning: ignoring old recipe for target '.mm.o'
Makefile:225: warning: overriding recipe for target '.mm.S'
pŠ#ú~U:225: warning: ignoring old recipe for target '.mm.S'
Makefile:229: warning: overriding recipe for target '.cxx.o'
pŠ#ú~U:229: warning: ignoring old recipe for target '.cxx.o'
Makefile:233: warning: overriding recipe for target '.cxx.S'
pŠ#ú~U:233: warning: ignoring old recipe for target '.cxx.S'
Makefile:237: warning: overriding recipe for target '.cpp.o'
pŠ#ú~U:237: warning: ignoring old recipe for target '.cpp.o'
Makefile:241: warning: overriding recipe for target '.cpp.S'
pŠ#ú~U:241: warning: ignoring old recipe for target '.cpp.S'
Makefile:245: warning: overriding recipe for target '.c.o'
pŠ#ú~U:245: warning: ignoring old recipe for target '.c.o'
Makefile:249: warning: overriding recipe for target '.c.S'
pŠ#ú~U:249: warning: ignoring old recipe for target '.c.S'
Makefile:253: warning: overriding recipe for target '.m.o'
pŠ#ú~U:253: warning: ignoring old recipe for target '.m.o'
Makefile:257: warning: overriding recipe for target '.m.S'
pŠ#ú~U:257: warning: ignoring old recipe for target '.m.S'
Makefile:261: warning: overriding recipe for target 'ruby_http_parser.so'
pŠ#ú~U:261: warning: ignoring old recipe for target 'ruby_http_parser.so'
make[1]: Leaving directory '/home/runner/work/R-refresh-fda/R-refresh-fda/.vendor/bundle/ruby/2.7.0/gems/http_parser.rb-0.8.0/ext/ruby_http_parser'

current directory: /home/runner/work/R-refresh-fda/R-refresh-fda/.vendor/bundle/ruby/2.7.0/gems/http_parser.rb-0.8.0/ext/ruby_http_parser
make "DESTDIR="
make[1]: Entering directory '/home/runner/work/R-refresh-fda/R-refresh-fda/.vendor/bundle/ruby/2.7.0/gems/http_parser.rb-0.8.0/ext/ruby_http_parser'
Makefile:176: warning: overriding recipe for target 'clean'
pJéVNV:176: warning: ignoring old recipe for target 'clean'
Makefile:183: warning: overriding recipe for target 'distclean'
pJéVNV:183: warning: ignoring old recipe for target 'distclean'
Makefile:191: warning: overriding recipe for target 'install-so'
pJéVNV:191: warning: ignoring old recipe for target 'install-so'
Makefile:201: warning: overriding recipe for target 'pre-install-rb-default'
pJéVNV:201: warning: ignoring old recipe for target 'pre-install-rb-default'
Makefile:203: warning: overriding recipe for target '.sitearchdir.time'
pJéVNV:203: warning: ignoring old recipe for target '.sitearchdir.time'
Makefile:213: warning: overriding recipe for target '.cc.o'
pJéVNV:213: warning: ignoring old recipe for target '.cc.o'
Makefile:217: warning: overriding recipe for target '.cc.S'
pJéVNV:217: warning: ignoring old recipe for target '.cc.S'
Makefile:221: warning: overriding recipe for target '.mm.o'
pJéVNV:221: warning: ignoring old recipe for target '.mm.o'
Makefile:225: warning: overriding recipe for target '.mm.S'
pJéVNV:225: warning: ignoring old recipe for target '.mm.S'
Makefile:229: warning: overriding recipe for target '.cxx.o'
pJéVNV:229: warning: ignoring old recipe for target '.cxx.o'
Makefile:233: warning: overriding recipe for target '.cxx.S'
pJéVNV:233: warning: ignoring old recipe for target '.cxx.S'
Makefile:237: warning: overriding recipe for target '.cpp.o'
pJéVNV:237: warning: ignoring old recipe for target '.cpp.o'
Makefile:241: warning: overriding recipe for target '.cpp.S'
pJéVNV:241: warning: ignoring old recipe for target '.cpp.S'
Makefile:245: warning: overriding recipe for target '.c.o'
pJéVNV:245: warning: ignoring old recipe for target '.c.o'
Makefile:249: warning: overriding recipe for target '.c.S'
pJéVNV:249: warning: ignoring old recipe for target '.c.S'
Makefile:253: warning: overriding recipe for target '.m.o'
pJéVNV:253: warning: ignoring old recipe for target '.m.o'
Makefile:257: warning: overriding recipe for target '.m.S'
pJéVNV:257: warning: ignoring old recipe for target '.m.S'
Makefile:261: warning: overriding recipe for target 'ruby_http_parser.so'
pJéVNV:261: warning: ignoring old recipe for target 'ruby_http_parser.so'
compiling ruby_http_parser.c
compiling ryah_http_parser.c
linking shared-object ruby_http_parser.so
make[1]: Leaving directory '/home/runner/work/R-refresh-fda/R-refresh-fda/.vendor/bundle/ruby/2.7.0/gems/http_parser.rb-0.8.0/ext/ruby_http_parser'

current directory: /home/runner/work/R-refresh-fda/R-refresh-fda/.vendor/bundle/ruby/2.7.0/gems/http_parser.rb-0.8.0/ext/ruby_http_parser
make "DESTDIR=" install
make[1]: Entering directory '/home/runner/work/R-refresh-fda/R-refresh-fda/.vendor/bundle/ruby/2.7.0/gems/http_parser.rb-0.8.0/ext/ruby_http_parser'
Makefile:176: warning: overriding recipe for target 'clean'
pJÎ‰»U:176: warning: ignoring old recipe for target 'clean'
Makefile:183: warning: overriding recipe for target 'distclean'
pJÎ‰»U:183: warning: ignoring old recipe for target 'distclean'
Makefile:191: warning: overriding recipe for target 'install-so'
pJÎ‰»U:191: warning: ignoring old recipe for target 'install-so'
Makefile:201: warning: overriding recipe for target 'pre-install-rb-default'
pJÎ‰»U:201: warning: ignoring old recipe for target 'pre-install-rb-default'
Makefile:203: warning: overriding recipe for target '.sitearchdir.time'
pJÎ‰»U:203: warning: ignoring old recipe for target '.sitearchdir.time'
Makefile:213: warning: overriding recipe for target '.cc.o'
pJÎ‰»U:213: warning: ignoring old recipe for target '.cc.o'
Makefile:217: warning: overriding recipe for target '.cc.S'
pJÎ‰»U:217: warning: ignoring old recipe for target '.cc.S'
Makefile:221: warning: overriding recipe for target '.mm.o'
pJÎ‰»U:221: warning: ignoring old recipe for target '.mm.o'
Makefile:225: warning: overriding recipe for target '.mm.S'
pJÎ‰»U:225: warning: ignoring old recipe for target '.mm.S'
Makefile:229: warning: overriding recipe for target '.cxx.o'
pJÎ‰»U:229: warning: ignoring old recipe for target '.cxx.o'
Makefile:233: warning: overriding recipe for target '.cxx.S'
pJÎ‰»U:233: warning: ignoring old recipe for target '.cxx.S'
Makefile:237: warning: overriding recipe for target '.cpp.o'
pJÎ‰»U:237: warning: ignoring old recipe for target '.cpp.o'
Makefile:241: warning: overriding recipe for target '.cpp.S'
pJÎ‰»U:241: warning: ignoring old recipe for target '.cpp.S'
Makefile:245: warning: overriding recipe for target '.c.o'
pJÎ‰»U:245: warning: ignoring old recipe for target '.c.o'
Makefile:249: warning: overriding recipe for target '.c.S'
pJÎ‰»U:249: warning: ignoring old recipe for target '.c.S'
Makefile:253: warning: overriding recipe for target '.m.o'
pJÎ‰»U:253: warning: ignoring old recipe for target '.m.o'
Makefile:257: warning: overriding recipe for target '.m.S'
pJÎ‰»U:257: warning: ignoring old recipe for target '.m.S'
Makefile:261: warning: overriding recipe for target 'ruby_http_parser.so'
pJÎ‰»U:261: warning: ignoring old recipe for target 'ruby_http_parser.so'
/usr/bin/install -c -m 0755 ruby_http_parser.so ./.gem.20230607-12964-oz5zdq
make[1]: Leaving directory '/home/runner/work/R-refresh-fda/R-refresh-fda/.vendor/bundle/ruby/2.7.0/gems/http_parser.rb-0.8.0/ext/ruby_http_parser'
